Build started 5/10/2017 9:42:34 AM.
     1>Project "D:\Tài Liệu\Code\Visual Studio 2013\Projects\C\tesGame\tesGame\tesGame.vcxproj" on node 2 (Build target(s)).
     1>ClCompile:
         C:\Program Files (x86)\Microsoft Visual Studio 12.0\VC\bin\CL.exe /c /ZI /nologo /W3 /WX- /sdl /Od /Oy- /D _MBCS /Gm /EHsc /RTC1 /MDd /GS /fp:precise /Zc:wchar_t /Zc:forScope /Fo"Debug\\" /Fd"Debug\vc120.pdb" /Gd /TP /analyze- /errorReport:prompt main.cpp
         main.cpp
     1>d:\tài liệu\code\visual studio 2013\projects\c\tesgame\tesgame\main.cpp(60): warning C4101: 'c' : unreferenced local variable
     1>d:\tài liệu\code\visual studio 2013\projects\c\tesgame\tesgame\main.cpp(84): warning C4309: 'initializing' : truncation of constant value
     1>d:\tài liệu\code\visual studio 2013\projects\c\tesgame\tesgame\main.cpp(85): warning C4309: 'initializing' : truncation of constant value
     1>d:\tài liệu\code\visual studio 2013\projects\c\tesgame\tesgame\main.cpp(86): warning C4309: 'initializing' : truncation of constant value
     1>d:\tài liệu\code\visual studio 2013\projects\c\tesgame\tesgame\main.cpp(87): warning C4309: 'initializing' : truncation of constant value
     1>d:\tài liệu\code\visual studio 2013\projects\c\tesgame\tesgame\main.cpp(88): warning C4309: 'initializing' : truncation of constant value
     1>d:\tài liệu\code\visual studio 2013\projects\c\tesgame\tesgame\main.cpp(89): warning C4309: 'initializing' : truncation of constant value
     1>d:\tài liệu\code\visual studio 2013\projects\c\tesgame\tesgame\main.cpp(90): warning C4309: 'initializing' : truncation of constant value
     1>d:\tài liệu\code\visual studio 2013\projects\c\tesgame\tesgame\main.cpp(91): warning C4309: 'initializing' : truncation of constant value
     1>d:\tài liệu\code\visual studio 2013\projects\c\tesgame\tesgame\main.cpp(92): warning C4309: 'initializing' : truncation of constant value
       Link:
         C:\Program Files (x86)\Microsoft Visual Studio 12.0\VC\bin\link.exe /ERRORREPORT:PROMPT /OUT:"D:\Tài Liệu\Code\Visual Studio 2013\Projects\C\tesGame\Debug\tesGame.exe" /INCREMENTAL /NOLOGO kernel32.lib user32.lib gdi32.lib winspool.lib comdlg32.lib advapi32.lib shell32.lib ole32.lib oleaut32.lib uuid.lib odbc32.lib odbccp32.lib /MANIFEST /MANIFESTUAC:"level='asInvoker' uiAccess='false'" /manifest:embed /DEBUG /PDB:"D:\Tài Liệu\Code\Visual Studio 2013\Projects\C\tesGame\Debug\tesGame.pdb" /TLBID:1 /DYNAMICBASE /NXCOMPAT /IMPLIB:"D:\Tài Liệu\Code\Visual Studio 2013\Projects\C\tesGame\Debug\tesGame.lib" /MACHINE:X86 Debug\main.obj
         tesGame.vcxproj -> D:\Tài Liệu\Code\Visual Studio 2013\Projects\C\tesGame\Debug\tesGame.exe
     1>Done Building Project "D:\Tài Liệu\Code\Visual Studio 2013\Projects\C\tesGame\tesGame\tesGame.vcxproj" (Build target(s)).

Build succeeded.

Time Elapsed 00:00:10.42
